--- Copying files at Tue Sep 20 08:33:26 UTC 2022
--- Copying files at Tue Sep 20 08:48:55 UTC 2022
--- Copying files at Tue Sep 20 09:14:00 UTC 2022
--- Copying files at Tue Sep 20 09:18:52 UTC 2022
--- Copying files at Tue Sep 20 09:46:20 UTC 2022
--- Copying files at Tue Sep 20 10:04:41 UTC 2022
--- Copying files at Tue Sep 20 10:08:18 UTC 2022
--- Copying files at Tue Sep 20 15:55:50 UTC 2022
--- Copying files at Tue Sep 20 16:21:23 UTC 2022
--- Copying files at Tue Sep 20 16:56:26 UTC 2022
--- Copying files at Tue Sep 20 17:05:14 UTC 2022
--- Copying files at Wed Sep 21 05:53:51 UTC 2022
--- Copying files at Wed Sep 21 09:32:13 UTC 2022
--- Copying files at Wed Sep 21 10:32:45 UTC 2022
--- Copying files at Wed Sep 21 10:46:22 UTC 2022
--- Copying files at Wed Sep 21 10:50:17 UTC 2022
--- Copying files at Wed Sep 21 10:53:56 UTC 2022
--- Copying files at Wed Sep 21 10:57:32 UTC 2022
--- Copying files at Wed Sep 21 11:01:04 UTC 2022
--- Copying files at Wed Sep 21 11:47:59 UTC 2022
--- Copying files at Wed Sep 21 11:56:03 UTC 2022
--- Copying files at Wed Sep 21 11:58:22 UTC 2022
--- Copying files at Wed Sep 21 12:00:54 UTC 2022
--- Copying files at Wed Sep 21 12:06:23 UTC 2022
--- Copying files at Wed Sep 21 12:07:50 UTC 2022
--- Copying files at Wed Sep 21 12:08:52 UTC 2022
--- Copying files at Wed Sep 21 12:15:55 UTC 2022
--- Copying files at Wed Sep 21 12:21:48 UTC 2022
--- Copying files at Wed Sep 21 12:23:02 UTC 2022
--- Copying files at Wed Sep 21 12:26:57 UTC 2022
--- Copying files at Wed Sep 21 12:33:50 UTC 2022
--- Copying files at Wed Sep 21 12:35:33 UTC 2022
--- Copying files at Wed Sep 21 12:36:37 UTC 2022
--- Copying files at Wed Sep 21 12:43:11 UTC 2022
--- Copying files at Wed Sep 21 12:47:26 UTC 2022
--- Copying files at Wed Sep 21 12:49:03 UTC 2022
--- Copying files at Wed Sep 21 13:00:33 UTC 2022
--- Copying files at Wed Sep 21 13:06:43 UTC 2022
--- Copying files at Wed Sep 21 13:11:00 UTC 2022
--- Copying files at Wed Sep 21 13:13:16 UTC 2022
--- Copying files at Wed Sep 21 13:14:02 UTC 2022
--- Copying files at Wed Sep 21 13:21:08 UTC 2022
--- Copying files at Wed Sep 21 13:36:20 UTC 2022
--- Copying files at Wed Sep 21 15:58:50 UTC 2022
--- Copying files at Wed Sep 21 16:12:42 UTC 2022
--- Copying files at Wed Sep 21 16:38:07 UTC 2022
--- Copying files at Wed Sep 21 16:45:58 UTC 2022
--- Copying files at Wed Sep 21 16:47:40 UTC 2022
--- Copying files at Wed Sep 21 17:21:01 UTC 2022
--- Copying files at Wed Sep 21 17:22:27 UTC 2022
--- Copying files at Wed Sep 21 17:23:45 UTC 2022
--- Copying files at Wed Sep 21 17:35:37 UTC 2022
--- Copying files at Wed Sep 21 17:49:53 UTC 2022
--- Copying files at Wed Sep 21 18:14:30 UTC 2022
--- Copying files at Wed Sep 21 18:58:34 UTC 2022
--- Copying files at Wed Sep 21 19:12:08 UTC 2022
--- Copying files at Wed Sep 21 19:21:21 UTC 2022
--- Copying files at Wed Sep 21 19:39:54 UTC 2022
--- Copying files at Wed Sep 21 19:41:53 UTC 2022
--- Copying files at Wed Sep 21 19:42:53 UTC 2022
--- Copying files at Wed Sep 21 19:45:28 UTC 2022
--- Copying files at Wed Sep 21 19:51:05 UTC 2022
--- Copying files at Thu Sep 22 07:09:21 UTC 2022
--- Copying files at Thu Sep 22 09:05:07 UTC 2022
--- Copying files at Thu Sep 22 09:12:05 UTC 2022
--- Copying files at Thu Sep 22 09:32:41 UTC 2022
--- Copying files at Thu Sep 22 10:26:07 UTC 2022
--- Copying files at Thu Sep 22 10:26:45 UTC 2022
--- Copying files at Thu Sep 22 10:30:31 UTC 2022
--- Copying files at Thu Sep 22 10:42:02 UTC 2022
--- Copying files at Thu Sep 22 11:10:42 UTC 2022
--- Copying files at Fri Sep 23 08:33:11 UTC 2022
--- Copying files at Fri Sep 23 09:23:21 UTC 2022
--- Copying files at Fri Sep 23 09:55:46 UTC 2022
--- Copying files at Mon Sep 26 08:48:54 UTC 2022
--- Copying files at Mon Sep 26 09:53:01 UTC 2022
--- Copying files at Mon Sep 26 10:02:47 UTC 2022
--- Copying files at Wed Sep 28 09:29:44 UTC 2022
--- Copying files at Tue Oct  4 11:26:29 UTC 2022
--- Copying files at Tue Oct  4 11:28:14 UTC 2022
--- Copying files at Tue Oct  4 11:32:18 UTC 2022
--- Copying files at Tue Oct  4 14:58:37 UTC 2022
